<?xml version="1.0" encoding="UTF-8"?>
<testsuite name="com.graphdb.server.AppIntegrationBasicTest" tests="5" skipped="0" failures="0" errors="0" timestamp="2024-11-17T11:38:52" hostname="rog" time="0.053">
  <properties/>
  <testcase name="testExample1()" classname="com.graphdb.server.AppIntegrationBasicTest" time="0.033"/>
  <testcase name="testExample2()" classname="com.graphdb.server.AppIntegrationBasicTest" time="0.004"/>
  <testcase name="testExample3()" classname="com.graphdb.server.AppIntegrationBasicTest" time="0.005"/>
  <testcase name="testExample4()" classname="com.graphdb.server.AppIntegrationBasicTest" time="0.006"/>
  <testcase name="testExample5()" classname="com.graphdb.server.AppIntegrationBasicTest" time="0.004"/>
  <system-out><![CDATA[]]></system-out>
  <system-err><![CDATA[]]></system-err>
</testsuite>
